The system is: Linux - 3.10.0-1062.9.1.el7.x86_64 - x86_64
Compiling the C compiler identification source file "CMakeCCompilerId.c" succeeded.
Compiler: /sw/centos/gcc/current/bin/gcc 
Build flags: 
Id flags:  

The output was:
0


Compilation of the C compiler identification source "CMakeCCompilerId.c" produced "a.out"

The C compiler identification is GNU, found in "/u/ak6fnm/NVIDIA_CUDA-11.0_Samples/7_CUDALibraries/boxFilterNPP/build/CMakeFiles/3.15.2/CompilerIdC/a.out"

Compiling the CXX compiler identification source file "CMakeCXXCompilerId.cpp" succeeded.
Compiler: /sw/centos/gcc/current/bin/c++ 
Build flags: 
Id flags:  

The output was:
0


Compilation of the CXX compiler identification source "CMakeCXXCompilerId.cpp" produced "a.out"

The CXX compiler identification is GNU, found in "/u/ak6fnm/NVIDIA_CUDA-11.0_Samples/7_CUDALibraries/boxFilterNPP/build/CMakeFiles/3.15.2/CompilerIdCXX/a.out"

Determining if the C compiler works passed with the following output:
Change Dir: /u/ak6fnm/NVIDIA_CUDA-11.0_Samples/7_CUDALibraries/boxFilterNPP/build/CMakeFiles/CMakeTmp

Run Build Command(s):/usr/bin/gmake cmTC_c8e07/fast && /usr/bin/gmake -f CMakeFiles/cmTC_c8e07.dir/build.make CMakeFiles/cmTC_c8e07.dir/build
gmake[1]: Entering directory `/u/ak6fnm/NVIDIA_CUDA-11.0_Samples/7_CUDALibraries/boxFilterNPP/build/CMakeFiles/CMakeTmp'
Building C object CMakeFiles/cmTC_c8e07.dir/testCCompiler.c.o
/sw/centos/gcc/current/bin/gcc    -o CMakeFiles/cmTC_c8e07.dir/testCCompiler.c.o   -c /u/ak6fnm/NVIDIA_CUDA-11.0_Samples/7_CUDALibraries/boxFilterNPP/build/CMakeFiles/CMakeTmp/testCCompiler.c
Linking C executable cmTC_c8e07
/net/sw/centos-7.4/cmake/3.15.2/bin/cmake -E cmake_link_script CMakeFiles/cmTC_c8e07.dir/link.txt --verbose=1
/sw/centos/gcc/current/bin/gcc      -rdynamic CMakeFiles/cmTC_c8e07.dir/testCCompiler.c.o  -o cmTC_c8e07 
gmake[1]: Leaving directory `/u/ak6fnm/NVIDIA_CUDA-11.0_Samples/7_CUDALibraries/boxFilterNPP/build/CMakeFiles/CMakeTmp'



Detecting C compiler ABI info compiled with the following output:
Change Dir: /u/ak6fnm/NVIDIA_CUDA-11.0_Samples/7_CUDALibraries/boxFilterNPP/build/CMakeFiles/CMakeTmp

Run Build Command(s):/usr/bin/gmake cmTC_caa4e/fast && /usr/bin/gmake -f CMakeFiles/cmTC_caa4e.dir/build.make CMakeFiles/cmTC_caa4e.dir/build
gmake[1]: Entering directory `/u/ak6fnm/NVIDIA_CUDA-11.0_Samples/7_CUDALibraries/boxFilterNPP/build/CMakeFiles/CMakeTmp'
Building C object CMakeFiles/cmTC_caa4e.dir/CMakeCCompilerABI.c.o
/sw/centos/gcc/current/bin/gcc   -v -o CMakeFiles/cmTC_caa4e.dir/CMakeCCompilerABI.c.o   -c /net/sw/centos-7.4/cmake/3.15.2/share/cmake-3.15/Modules/CMakeCCompilerABI.c
Using built-in specs.
COLLECT_GCC=/sw/centos/gcc/current/bin/gcc
Target: x86_64-pc-linux-gnu
Configured with: ./configure --prefix=/net/sw/centos-7.4/gcc/7.1.0 --disable-multilib
Thread model: posix
gcc version 7.1.0 (GCC) 
COLLECT_GCC_OPTIONS='-v' '-o' 'CMakeFiles/cmTC_caa4e.dir/CMakeCCompilerABI.c.o' '-c' '-mtune=generic' '-march=x86-64'
 /net/sw/centos-7.4/gcc/7.1.0/libexec/gcc/x86_64-pc-linux-gnu/7.1.0/cc1 -quiet -v /net/sw/centos-7.4/cmake/3.15.2/share/cmake-3.15/Modules/CMakeCCompilerABI.c -quiet -dumpbase CMakeCCompilerABI.c -mtune=generic -march=x86-64 -auxbase-strip CMakeFiles/cmTC_caa4e.dir/CMakeCCompilerABI.c.o -version -o /tmp/ccvw2xow.s
GNU C11 (GCC) version 7.1.0 (x86_64-pc-linux-gnu)
	compiled by GNU C version 7.1.0, GMP version 6.0.0, MPFR version 3.1.1, MPC version 1.0.1, isl version none
warning: GMP header version 6.0.0 differs from library version 6.1.2.
warning: MPC header version 1.0.1 differs from library version 1.1.0.
GGC heuristics: --param ggc-min-expand=100 --param ggc-min-heapsize=131072
ignoring nonexistent directory "/net/sw/centos-7.4/gcc/7.1.0/lib/gcc/x86_64-pc-linux-gnu/7.1.0/../../../../x86_64-pc-linux-gnu/include"
#include "..." search starts here:
#include <...> search starts here:
 /net/sw/centos-7.4/gcc/7.1.0/lib/gcc/x86_64-pc-linux-gnu/7.1.0/include
 /usr/local/include
 /net/sw/centos-7.4/gcc/7.1.0/include
 /net/sw/centos-7.4/gcc/7.1.0/lib/gcc/x86_64-pc-linux-gnu/7.1.0/include-fixed
 /usr/include
End of search list.
GNU C11 (GCC) version 7.1.0 (x86_64-pc-linux-gnu)
	compiled by GNU C version 7.1.0, GMP version 6.0.0, MPFR version 3.1.1, MPC version 1.0.1, isl version none
warning: GMP header version 6.0.0 differs from library version 6.1.2.
warning: MPC header version 1.0.1 differs from library version 1.1.0.
GGC heuristics: --param ggc-min-expand=100 --param ggc-min-heapsize=131072
Compiler executable checksum: 4bce5a998f9149b9223645d93399b2ac
COLLECT_GCC_OPTIONS='-v' '-o' 'CMakeFiles/cmTC_caa4e.dir/CMakeCCompilerABI.c.o' '-c' '-mtune=generic' '-march=x86-64'
 as -v --64 -o CMakeFiles/cmTC_caa4e.dir/CMakeCCompilerABI.c.o /tmp/ccvw2xow.s
GNU assembler version 2.27 (x86_64-redhat-linux) using BFD version version 2.27-41.base.el7_7.1
COMPILER_PATH=/net/sw/centos-7.4/gcc/7.1.0/libexec/gcc/x86_64-pc-linux-gnu/7.1.0/:/net/sw/centos-7.4/gcc/7.1.0/libexec/gcc/x86_64-pc-linux-gnu/7.1.0/:/net/sw/centos-7.4/gcc/7.1.0/libexec/gcc/x86_64-pc-linux-gnu/:/net/sw/centos-7.4/gcc/7.1.0/lib/gcc/x86_64-pc-linux-gnu/7.1.0/:/net/sw/centos-7.4/gcc/7.1.0/lib/gcc/x86_64-pc-linux-gnu/
LIBRARY_PATH=/net/sw/centos-7.4/gcc/7.1.0/lib/gcc/x86_64-pc-linux-gnu/7.1.0/:/net/sw/centos-7.4/gcc/7.1.0/lib/gcc/x86_64-pc-linux-gnu/7.1.0/../../../../lib64/:/lib/../lib64/:/usr/lib/../lib64/:/net/sw/centos-7.4/gcc/7.1.0/lib/gcc/x86_64-pc-linux-gnu/7.1.0/../../../:/lib/:/usr/lib/
COLLECT_GCC_OPTIONS='-v' '-o' 'CMakeFiles/cmTC_caa4e.dir/CMakeCCompilerABI.c.o' '-c' '-mtune=generic' '-march=x86-64'
Linking C executable cmTC_caa4e
/net/sw/centos-7.4/cmake/3.15.2/bin/cmake -E cmake_link_script CMakeFiles/cmTC_caa4e.dir/link.txt --verbose=1
/sw/centos/gcc/current/bin/gcc     -v -rdynamic CMakeFiles/cmTC_caa4e.dir/CMakeCCompilerABI.c.o  -o cmTC_caa4e 
Using built-in specs.
COLLECT_GCC=/sw/centos/gcc/current/bin/gcc
COLLECT_LTO_WRAPPER=/net/sw/centos-7.4/gcc/7.1.0/libexec/gcc/x86_64-pc-linux-gnu/7.1.0/lto-wrapper
Target: x86_64-pc-linux-gnu
Configured with: ./configure --prefix=/net/sw/centos-7.4/gcc/7.1.0 --disable-multilib
Thread model: posix
gcc version 7.1.0 (GCC) 
COMPILER_PATH=/net/sw/centos-7.4/gcc/7.1.0/libexec/gcc/x86_64-pc-linux-gnu/7.1.0/:/net/sw/centos-7.4/gcc/7.1.0/libexec/gcc/x86_64-pc-linux-gnu/7.1.0/:/net/sw/centos-7.4/gcc/7.1.0/libexec/gcc/x86_64-pc-linux-gnu/:/net/sw/centos-7.4/gcc/7.1.0/lib/gcc/x86_64-pc-linux-gnu/7.1.0/:/net/sw/centos-7.4/gcc/7.1.0/lib/gcc/x86_64-pc-linux-gnu/
LIBRARY_PATH=/net/sw/centos-7.4/gcc/7.1.0/lib/gcc/x86_64-pc-linux-gnu/7.1.0/:/net/sw/centos-7.4/gcc/7.1.0/lib/gcc/x86_64-pc-linux-gnu/7.1.0/../../../../lib64/:/lib/../lib64/:/usr/lib/../lib64/:/net/sw/centos-7.4/gcc/7.1.0/lib/gcc/x86_64-pc-linux-gnu/7.1.0/../../../:/lib/:/usr/lib/
COLLECT_GCC_OPTIONS='-v' '-rdynamic' '-o' 'cmTC_caa4e' '-mtune=generic' '-march=x86-64'
 /net/sw/centos-7.4/gcc/7.1.0/libexec/gcc/x86_64-pc-linux-gnu/7.1.0/collect2 -plugin /net/sw/centos-7.4/gcc/7.1.0/libexec/gcc/x86_64-pc-linux-gnu/7.1.0/liblto_plugin.so -plugin-opt=/net/sw/centos-7.4/gcc/7.1.0/libexec/gcc/x86_64-pc-linux-gnu/7.1.0/lto-wrapper -plugin-opt=-fresolution=/tmp/ccMeemZz.res -plugin-opt=-pass-through=-lgcc -plugin-opt=-pass-through=-lgcc_s -plugin-opt=-pass-through=-lc -plugin-opt=-pass-through=-lgcc -plugin-opt=-pass-through=-lgcc_s --eh-frame-hdr -m elf_x86_64 -export-dynamic -dynamic-linker /lib64/ld-linux-x86-64.so.2 -o cmTC_caa4e /lib/../lib64/crt1.o /lib/../lib64/crti.o /net/sw/centos-7.4/gcc/7.1.0/lib/gcc/x86_64-pc-linux-gnu/7.1.0/crtbegin.o -L/net/sw/centos-7.4/gcc/7.1.0/lib/gcc/x86_64-pc-linux-gnu/7.1.0 -L/net/sw/centos-7.4/gcc/7.1.0/lib/gcc/x86_64-pc-linux-gnu/7.1.0/../../../../lib64 -L/lib/../lib64 -L/usr/lib/../lib64 -L/net/sw/centos-7.4/gcc/7.1.0/lib/gcc/x86_64-pc-linux-gnu/7.1.0/../../.. CMakeFiles/cmTC_caa4e.dir/CMakeCCompilerABI.c.o -lgcc --as-needed -lgcc_s --no-as-needed -lc -lgcc --as-needed -lgcc_s --no-as-needed /net/sw/centos-7.4/gcc/7.1.0/lib/gcc/x86_64-pc-linux-gnu/7.1.0/crtend.o /lib/../lib64/crtn.o
COLLECT_GCC_OPTIONS='-v' '-rdynamic' '-o' 'cmTC_caa4e' '-mtune=generic' '-march=x86-64'
gmake[1]: Leaving directory `/u/ak6fnm/NVIDIA_CUDA-11.0_Samples/7_CUDALibraries/boxFilterNPP/build/CMakeFiles/CMakeTmp'



Parsed C implicit include dir info from above output: rv=done
  found start of include info
  found start of implicit include info
    add: [/net/sw/centos-7.4/gcc/7.1.0/lib/gcc/x86_64-pc-linux-gnu/7.1.0/include]
    add: [/usr/local/include]
    add: [/net/sw/centos-7.4/gcc/7.1.0/include]
    add: [/net/sw/centos-7.4/gcc/7.1.0/lib/gcc/x86_64-pc-linux-gnu/7.1.0/include-fixed]
    add: [/usr/include]
  end of search list found
  collapse include dir [/net/sw/centos-7.4/gcc/7.1.0/lib/gcc/x86_64-pc-linux-gnu/7.1.0/include] ==> [/net/sw/centos-7.4/gcc/7.1.0/lib/gcc/x86_64-pc-linux-gnu/7.1.0/include]
  collapse include dir [/usr/local/include] ==> [/usr/local/include]
  collapse include dir [/net/sw/centos-7.4/gcc/7.1.0/include] ==> [/net/sw/centos-7.4/gcc/7.1.0/include]
  collapse include dir [/net/sw/centos-7.4/gcc/7.1.0/lib/gcc/x86_64-pc-linux-gnu/7.1.0/include-fixed] ==> [/net/sw/centos-7.4/gcc/7.1.0/lib/gcc/x86_64-pc-linux-gnu/7.1.0/include-fixed]
  collapse include dir [/usr/include] ==> [/usr/include]
  implicit include dirs: [/net/sw/centos-7.4/gcc/7.1.0/lib/gcc/x86_64-pc-linux-gnu/7.1.0/include;/usr/local/include;/net/sw/centos-7.4/gcc/7.1.0/include;/net/sw/centos-7.4/gcc/7.1.0/lib/gcc/x86_64-pc-linux-gnu/7.1.0/include-fixed;/usr/include]


Parsed C implicit link information from above output:
  link line regex: [^( *|.*[/\])(ld|CMAKE_LINK_STARTFILE-NOTFOUND|([^/\]+-)?ld|collect2)[^/\]*( |$)]
  ignore line: [Change Dir: /u/ak6fnm/NVIDIA_CUDA-11.0_Samples/7_CUDALibraries/boxFilterNPP/build/CMakeFiles/CMakeTmp]
  ignore line: []
  ignore line: [Run Build Command(s):/usr/bin/gmake cmTC_caa4e/fast && /usr/bin/gmake -f CMakeFiles/cmTC_caa4e.dir/build.make CMakeFiles/cmTC_caa4e.dir/build]
  ignore line: [gmake[1]: Entering directory `/u/ak6fnm/NVIDIA_CUDA-11.0_Samples/7_CUDALibraries/boxFilterNPP/build/CMakeFiles/CMakeTmp']
  ignore line: [Building C object CMakeFiles/cmTC_caa4e.dir/CMakeCCompilerABI.c.o]
  ignore line: [/sw/centos/gcc/current/bin/gcc   -v -o CMakeFiles/cmTC_caa4e.dir/CMakeCCompilerABI.c.o   -c /net/sw/centos-7.4/cmake/3.15.2/share/cmake-3.15/Modules/CMakeCCompilerABI.c]
  ignore line: [Using built-in specs.]
  ignore line: [COLLECT_GCC=/sw/centos/gcc/current/bin/gcc]
  ignore line: [Target: x86_64-pc-linux-gnu]
  ignore line: [Configured with: ./configure --prefix=/net/sw/centos-7.4/gcc/7.1.0 --disable-multilib]
  ignore line: [Thread model: posix]
  ignore line: [gcc version 7.1.0 (GCC) ]
  ignore line: [COLLECT_GCC_OPTIONS='-v' '-o' 'CMakeFiles/cmTC_caa4e.dir/CMakeCCompilerABI.c.o' '-c' '-mtune=generic' '-march=x86-64']
  ignore line: [ /net/sw/centos-7.4/gcc/7.1.0/libexec/gcc/x86_64-pc-linux-gnu/7.1.0/cc1 -quiet -v /net/sw/centos-7.4/cmake/3.15.2/share/cmake-3.15/Modules/CMakeCCompilerABI.c -quiet -dumpbase CMakeCCompilerABI.c -mtune=generic -march=x86-64 -auxbase-strip CMakeFiles/cmTC_caa4e.dir/CMakeCCompilerABI.c.o -version -o /tmp/ccvw2xow.s]
  ignore line: [GNU C11 (GCC) version 7.1.0 (x86_64-pc-linux-gnu)]
  ignore line: [	compiled by GNU C version 7.1.0, GMP version 6.0.0, MPFR version 3.1.1, MPC version 1.0.1, isl version none]
  ignore line: [warning: GMP header version 6.0.0 differs from library version 6.1.2.]
  ignore line: [warning: MPC header version 1.0.1 differs from library version 1.1.0.]
  ignore line: [GGC heuristics: --param ggc-min-expand=100 --param ggc-min-heapsize=131072]
  ignore line: [ignoring nonexistent directory "/net/sw/centos-7.4/gcc/7.1.0/lib/gcc/x86_64-pc-linux-gnu/7.1.0/../../../../x86_64-pc-linux-gnu/include"]
  ignore line: [#include "..." search starts here:]
  ignore line: [#include <...> search starts here:]
  ignore line: [ /net/sw/centos-7.4/gcc/7.1.0/lib/gcc/x86_64-pc-linux-gnu/7.1.0/include]
  ignore line: [ /usr/local/include]
  ignore line: [ /net/sw/centos-7.4/gcc/7.1.0/include]
  ignore line: [ /net/sw/centos-7.4/gcc/7.1.0/lib/gcc/x86_64-pc-linux-gnu/7.1.0/include-fixed]
  ignore line: [ /usr/include]
  ignore line: [End of search list.]
  ignore line: [GNU C11 (GCC) version 7.1.0 (x86_64-pc-linux-gnu)]
  ignore line: [	compiled by GNU C version 7.1.0, GMP version 6.0.0, MPFR version 3.1.1, MPC version 1.0.1, isl version none]
  ignore line: [warning: GMP header version 6.0.0 differs from library version 6.1.2.]
  ignore line: [warning: MPC header version 1.0.1 differs from library version 1.1.0.]
  ignore line: [GGC heuristics: --param ggc-min-expand=100 --param ggc-min-heapsize=131072]
  ignore line: [Compiler executable checksum: 4bce5a998f9149b9223645d93399b2ac]
  ignore line: [COLLECT_GCC_OPTIONS='-v' '-o' 'CMakeFiles/cmTC_caa4e.dir/CMakeCCompilerABI.c.o' '-c' '-mtune=generic' '-march=x86-64']
  ignore line: [ as -v --64 -o CMakeFiles/cmTC_caa4e.dir/CMakeCCompilerABI.c.o /tmp/ccvw2xow.s]
  ignore line: [GNU assembler version 2.27 (x86_64-redhat-linux) using BFD version version 2.27-41.base.el7_7.1]
  ignore line: [COMPILER_PATH=/net/sw/centos-7.4/gcc/7.1.0/libexec/gcc/x86_64-pc-linux-gnu/7.1.0/:/net/sw/centos-7.4/gcc/7.1.0/libexec/gcc/x86_64-pc-linux-gnu/7.1.0/:/net/sw/centos-7.4/gcc/7.1.0/libexec/gcc/x86_64-pc-linux-gnu/:/net/sw/centos-7.4/gcc/7.1.0/lib/gcc/x86_64-pc-linux-gnu/7.1.0/:/net/sw/centos-7.4/gcc/7.1.0/lib/gcc/x86_64-pc-linux-gnu/]
  ignore line: [LIBRARY_PATH=/net/sw/centos-7.4/gcc/7.1.0/lib/gcc/x86_64-pc-linux-gnu/7.1.0/:/net/sw/centos-7.4/gcc/7.1.0/lib/gcc/x86_64-pc-linux-gnu/7.1.0/../../../../lib64/:/lib/../lib64/:/usr/lib/../lib64/:/net/sw/centos-7.4/gcc/7.1.0/lib/gcc/x86_64-pc-linux-gnu/7.1.0/../../../:/lib/:/usr/lib/]
  ignore line: [COLLECT_GCC_OPTIONS='-v' '-o' 'CMakeFiles/cmTC_caa4e.dir/CMakeCCompilerABI.c.o' '-c' '-mtune=generic' '-march=x86-64']
  ignore line: [Linking C executable cmTC_caa4e]
  ignore line: [/net/sw/centos-7.4/cmake/3.15.2/bin/cmake -E cmake_link_script CMakeFiles/cmTC_caa4e.dir/link.txt --verbose=1]
  ignore line: [/sw/centos/gcc/current/bin/gcc     -v -rdynamic CMakeFiles/cmTC_caa4e.dir/CMakeCCompilerABI.c.o  -o cmTC_caa4e ]
  ignore line: [Using built-in specs.]
  ignore line: [COLLECT_GCC=/sw/centos/gcc/current/bin/gcc]
  ignore line: [COLLECT_LTO_WRAPPER=/net/sw/centos-7.4/gcc/7.1.0/libexec/gcc/x86_64-pc-linux-gnu/7.1.0/lto-wrapper]
  ignore line: [Target: x86_64-pc-linux-gnu]
  ignore line: [Configured with: ./configure --prefix=/net/sw/centos-7.4/gcc/7.1.0 --disable-multilib]
  ignore line: [Thread model: posix]
  ignore line: [gcc version 7.1.0 (GCC) ]
  ignore line: [COMPILER_PATH=/net/sw/centos-7.4/gcc/7.1.0/libexec/gcc/x86_64-pc-linux-gnu/7.1.0/:/net/sw/centos-7.4/gcc/7.1.0/libexec/gcc/x86_64-pc-linux-gnu/7.1.0/:/net/sw/centos-7.4/gcc/7.1.0/libexec/gcc/x86_64-pc-linux-gnu/:/net/sw/centos-7.4/gcc/7.1.0/lib/gcc/x86_64-pc-linux-gnu/7.1.0/:/net/sw/centos-7.4/gcc/7.1.0/lib/gcc/x86_64-pc-linux-gnu/]
  ignore line: [LIBRARY_PATH=/net/sw/centos-7.4/gcc/7.1.0/lib/gcc/x86_64-pc-linux-gnu/7.1.0/:/net/sw/centos-7.4/gcc/7.1.0/lib/gcc/x86_64-pc-linux-gnu/7.1.0/../../../../lib64/:/lib/../lib64/:/usr/lib/../lib64/:/net/sw/centos-7.4/gcc/7.1.0/lib/gcc/x86_64-pc-linux-gnu/7.1.0/../../../:/lib/:/usr/lib/]
  ignore line: [COLLECT_GCC_OPTIONS='-v' '-rdynamic' '-o' 'cmTC_caa4e' '-mtune=generic' '-march=x86-64']
  link line: [ /net/sw/centos-7.4/gcc/7.1.0/libexec/gcc/x86_64-pc-linux-gnu/7.1.0/collect2 -plugin /net/sw/centos-7.4/gcc/7.1.0/libexec/gcc/x86_64-pc-linux-gnu/7.1.0/liblto_plugin.so -plugin-opt=/net/sw/centos-7.4/gcc/7.1.0/libexec/gcc/x86_64-pc-linux-gnu/7.1.0/lto-wrapper -plugin-opt=-fresolution=/tmp/ccMeemZz.res -plugin-opt=-pass-through=-lgcc -plugin-opt=-pass-through=-lgcc_s -plugin-opt=-pass-through=-lc -plugin-opt=-pass-through=-lgcc -plugin-opt=-pass-through=-lgcc_s --eh-frame-hdr -m elf_x86_64 -export-dynamic -dynamic-linker /lib64/ld-linux-x86-64.so.2 -o cmTC_caa4e /lib/../lib64/crt1.o /lib/../lib64/crti.o /net/sw/centos-7.4/gcc/7.1.0/lib/gcc/x86_64-pc-linux-gnu/7.1.0/crtbegin.o -L/net/sw/centos-7.4/gcc/7.1.0/lib/gcc/x86_64-pc-linux-gnu/7.1.0 -L/net/sw/centos-7.4/gcc/7.1.0/lib/gcc/x86_64-pc-linux-gnu/7.1.0/../../../../lib64 -L/lib/../lib64 -L/usr/lib/../lib64 -L/net/sw/centos-7.4/gcc/7.1.0/lib/gcc/x86_64-pc-linux-gnu/7.1.0/../../.. CMakeFiles/cmTC_caa4e.dir/CMakeCCompilerABI.c.o -lgcc --as-needed -lgcc_s --no-as-needed -lc -lgcc --as-needed -lgcc_s --no-as-needed /net/sw/centos-7.4/gcc/7.1.0/lib/gcc/x86_64-pc-linux-gnu/7.1.0/crtend.o /lib/../lib64/crtn.o]
    arg [/net/sw/centos-7.4/gcc/7.1.0/libexec/gcc/x86_64-pc-linux-gnu/7.1.0/collect2] ==> ignore
    arg [-plugin] ==> ignore
    arg [/net/sw/centos-7.4/gcc/7.1.0/libexec/gcc/x86_64-pc-linux-gnu/7.1.0/liblto_plugin.so] ==> ignore
    arg [-plugin-opt=/net/sw/centos-7.4/gcc/7.1.0/libexec/gcc/x86_64-pc-linux-gnu/7.1.0/lto-wrapper] ==> ignore
    arg [-plugin-opt=-fresolution=/tmp/ccMeemZz.res] ==> ignore
    arg [-plugin-opt=-pass-through=-lgcc] ==> ignore
    arg [-plugin-opt=-pass-through=-lgcc_s] ==> ignore
    arg [-plugin-opt=-pass-through=-lc] ==> ignore
    arg [-plugin-opt=-pass-through=-lgcc] ==> ignore
    arg [-plugin-opt=-pass-through=-lgcc_s] ==> ignore
    arg [--eh-frame-hdr] ==> ignore
    arg [-m] ==> ignore
    arg [elf_x86_64] ==> ignore
    arg [-export-dynamic] ==> ignore
    arg [-dynamic-linker] ==> ignore
    arg [/lib64/ld-linux-x86-64.so.2] ==> ignore
    arg [-o] ==> ignore
    arg [cmTC_caa4e] ==> ignore
    arg [/lib/../lib64/crt1.o] ==> ignore
    arg [/lib/../lib64/crti.o] ==> ignore
    arg [/net/sw/centos-7.4/gcc/7.1.0/lib/gcc/x86_64-pc-linux-gnu/7.1.0/crtbegin.o] ==> ignore
    arg [-L/net/sw/centos-7.4/gcc/7.1.0/lib/gcc/x86_64-pc-linux-gnu/7.1.0] ==> dir [/net/sw/centos-7.4/gcc/7.1.0/lib/gcc/x86_64-pc-linux-gnu/7.1.0]
    arg [-L/net/sw/centos-7.4/gcc/7.1.0/lib/gcc/x86_64-pc-linux-gnu/7.1.0/../../../../lib64] ==> dir [/net/sw/centos-7.4/gcc/7.1.0/lib/gcc/x86_64-pc-linux-gnu/7.1.0/../../../../lib64]
    arg [-L/lib/../lib64] ==> dir [/lib/../lib64]
    arg [-L/usr/lib/../lib64] ==> dir [/usr/lib/../lib64]
    arg [-L/net/sw/centos-7.4/gcc/7.1.0/lib/gcc/x86_64-pc-linux-gnu/7.1.0/../../..] ==> dir [/net/sw/centos-7.4/gcc/7.1.0/lib/gcc/x86_64-pc-linux-gnu/7.1.0/../../..]
    arg [CMakeFiles/cmTC_caa4e.dir/CMakeCCompilerABI.c.o] ==> ignore
    arg [-lgcc] ==> lib [gcc]
    arg [--as-needed] ==> ignore
    arg [-lgcc_s] ==> lib [gcc_s]
    arg [--no-as-needed] ==> ignore
    arg [-lc] ==> lib [c]
    arg [-lgcc] ==> lib [gcc]
    arg [--as-needed] ==> ignore
    arg [-lgcc_s] ==> lib [gcc_s]
    arg [--no-as-needed] ==> ignore
    arg [/net/sw/centos-7.4/gcc/7.1.0/lib/gcc/x86_64-pc-linux-gnu/7.1.0/crtend.o] ==> ignore
    arg [/lib/../lib64/crtn.o] ==> ignore
  collapse library dir [/net/sw/centos-7.4/gcc/7.1.0/lib/gcc/x86_64-pc-linux-gnu/7.1.0] ==> [/net/sw/centos-7.4/gcc/7.1.0/lib/gcc/x86_64-pc-linux-gnu/7.1.0]
  collapse library dir [/net/sw/centos-7.4/gcc/7.1.0/lib/gcc/x86_64-pc-linux-gnu/7.1.0/../../../../lib64] ==> [/net/sw/centos-7.4/gcc/7.1.0/lib64]
  collapse library dir [/lib/../lib64] ==> [/lib64]
  collapse library dir [/usr/lib/../lib64] ==> [/usr/lib64]
  collapse library dir [/net/sw/centos-7.4/gcc/7.1.0/lib/gcc/x86_64-pc-linux-gnu/7.1.0/../../..] ==> [/net/sw/centos-7.4/gcc/7.1.0/lib]
  implicit libs: [gcc;gcc_s;c;gcc;gcc_s]
  implicit dirs: [/net/sw/centos-7.4/gcc/7.1.0/lib/gcc/x86_64-pc-linux-gnu/7.1.0;/net/sw/centos-7.4/gcc/7.1.0/lib64;/lib64;/usr/lib64;/net/sw/centos-7.4/gcc/7.1.0/lib]
  implicit fwks: []


Determining if the CXX compiler works passed with the following output:
Change Dir: /u/ak6fnm/NVIDIA_CUDA-11.0_Samples/7_CUDALibraries/boxFilterNPP/build/CMakeFiles/CMakeTmp

Run Build Command(s):/usr/bin/gmake cmTC_5f019/fast && /usr/bin/gmake -f CMakeFiles/cmTC_5f019.dir/build.make CMakeFiles/cmTC_5f019.dir/build
gmake[1]: Entering directory `/u/ak6fnm/NVIDIA_CUDA-11.0_Samples/7_CUDALibraries/boxFilterNPP/build/CMakeFiles/CMakeTmp'
Building CXX object CMakeFiles/cmTC_5f019.dir/testCXXCompiler.cxx.o
/sw/centos/gcc/current/bin/c++     -o CMakeFiles/cmTC_5f019.dir/testCXXCompiler.cxx.o -c /u/ak6fnm/NVIDIA_CUDA-11.0_Samples/7_CUDALibraries/boxFilterNPP/build/CMakeFiles/CMakeTmp/testCXXCompiler.cxx
Linking CXX executable cmTC_5f019
/net/sw/centos-7.4/cmake/3.15.2/bin/cmake -E cmake_link_script CMakeFiles/cmTC_5f019.dir/link.txt --verbose=1
/sw/centos/gcc/current/bin/c++       -rdynamic CMakeFiles/cmTC_5f019.dir/testCXXCompiler.cxx.o  -o cmTC_5f019 
gmake[1]: Leaving directory `/u/ak6fnm/NVIDIA_CUDA-11.0_Samples/7_CUDALibraries/boxFilterNPP/build/CMakeFiles/CMakeTmp'



Detecting CXX compiler ABI info compiled with the following output:
Change Dir: /u/ak6fnm/NVIDIA_CUDA-11.0_Samples/7_CUDALibraries/boxFilterNPP/build/CMakeFiles/CMakeTmp

Run Build Command(s):/usr/bin/gmake cmTC_f684f/fast && /usr/bin/gmake -f CMakeFiles/cmTC_f684f.dir/build.make CMakeFiles/cmTC_f684f.dir/build
gmake[1]: Entering directory `/u/ak6fnm/NVIDIA_CUDA-11.0_Samples/7_CUDALibraries/boxFilterNPP/build/CMakeFiles/CMakeTmp'
Building CXX object CMakeFiles/cmTC_f684f.dir/CMakeCXXCompilerABI.cpp.o
/sw/centos/gcc/current/bin/c++    -v -o CMakeFiles/cmTC_f684f.dir/CMakeCXXCompilerABI.cpp.o -c /net/sw/centos-7.4/cmake/3.15.2/share/cmake-3.15/Modules/CMakeCXXCompilerABI.cpp
Using built-in specs.
COLLECT_GCC=/sw/centos/gcc/current/bin/c++
Target: x86_64-pc-linux-gnu
Configured with: ./configure --prefix=/net/sw/centos-7.4/gcc/7.1.0 --disable-multilib
Thread model: posix
gcc version 7.1.0 (GCC) 
COLLECT_GCC_OPTIONS='-v' '-o' 'CMakeFiles/cmTC_f684f.dir/CMakeCXXCompilerABI.cpp.o' '-c' '-shared-libgcc' '-mtune=generic' '-march=x86-64'
 /net/sw/centos-7.4/gcc/7.1.0/libexec/gcc/x86_64-pc-linux-gnu/7.1.0/cc1plus -quiet -v -D_GNU_SOURCE /net/sw/centos-7.4/cmake/3.15.2/share/cmake-3.15/Modules/CMakeCXXCompilerABI.cpp -quiet -dumpbase CMakeCXXCompilerABI.cpp -mtune=generic -march=x86-64 -auxbase-strip CMakeFiles/cmTC_f684f.dir/CMakeCXXCompilerABI.cpp.o -version -o /tmp/ccioDjaf.s
GNU C++14 (GCC) version 7.1.0 (x86_64-pc-linux-gnu)
	compiled by GNU C version 7.1.0, GMP version 6.0.0, MPFR version 3.1.1, MPC version 1.0.1, isl version none
warning: GMP header version 6.0.0 differs from library version 6.1.2.
warning: MPC header version 1.0.1 differs from library version 1.1.0.
GGC heuristics: --param ggc-min-expand=100 --param ggc-min-heapsize=131072
ignoring nonexistent directory "/net/sw/centos-7.4/gcc/7.1.0/lib/gcc/x86_64-pc-linux-gnu/7.1.0/../../../../x86_64-pc-linux-gnu/include"
#include "..." search starts here:
#include <...> search starts here:
 /net/sw/centos-7.4/gcc/7.1.0/lib/gcc/x86_64-pc-linux-gnu/7.1.0/../../../../include/c++/7.1.0
 /net/sw/centos-7.4/gcc/7.1.0/lib/gcc/x86_64-pc-linux-gnu/7.1.0/../../../../include/c++/7.1.0/x86_64-pc-linux-gnu
 /net/sw/centos-7.4/gcc/7.1.0/lib/gcc/x86_64-pc-linux-gnu/7.1.0/../../../../include/c++/7.1.0/backward
 /net/sw/centos-7.4/gcc/7.1.0/lib/gcc/x86_64-pc-linux-gnu/7.1.0/include
 /usr/local/include
 /net/sw/centos-7.4/gcc/7.1.0/include
 /net/sw/centos-7.4/gcc/7.1.0/lib/gcc/x86_64-pc-linux-gnu/7.1.0/include-fixed
 /usr/include
End of search list.
GNU C++14 (GCC) version 7.1.0 (x86_64-pc-linux-gnu)
	compiled by GNU C version 7.1.0, GMP version 6.0.0, MPFR version 3.1.1, MPC version 1.0.1, isl version none
warning: GMP header version 6.0.0 differs from library version 6.1.2.
warning: MPC header version 1.0.1 differs from library version 1.1.0.
GGC heuristics: --param ggc-min-expand=100 --param ggc-min-heapsize=131072
Compiler executable checksum: 599ae034ae7079f7268fecc575310391
COLLECT_GCC_OPTIONS='-v' '-o' 'CMakeFiles/cmTC_f684f.dir/CMakeCXXCompilerABI.cpp.o' '-c' '-shared-libgcc' '-mtune=generic' '-march=x86-64'
 as -v --64 -o CMakeFiles/cmTC_f684f.dir/CMakeCXXCompilerABI.cpp.o /tmp/ccioDjaf.s
GNU assembler version 2.27 (x86_64-redhat-linux) using BFD version version 2.27-41.base.el7_7.1
COMPILER_PATH=/net/sw/centos-7.4/gcc/7.1.0/libexec/gcc/x86_64-pc-linux-gnu/7.1.0/:/net/sw/centos-7.4/gcc/7.1.0/libexec/gcc/x86_64-pc-linux-gnu/7.1.0/:/net/sw/centos-7.4/gcc/7.1.0/libexec/gcc/x86_64-pc-linux-gnu/:/net/sw/centos-7.4/gcc/7.1.0/lib/gcc/x86_64-pc-linux-gnu/7.1.0/:/net/sw/centos-7.4/gcc/7.1.0/lib/gcc/x86_64-pc-linux-gnu/
LIBRARY_PATH=/net/sw/centos-7.4/gcc/7.1.0/lib/gcc/x86_64-pc-linux-gnu/7.1.0/:/net/sw/centos-7.4/gcc/7.1.0/lib/gcc/x86_64-pc-linux-gnu/7.1.0/../../../../lib64/:/lib/../lib64/:/usr/lib/../lib64/:/net/sw/centos-7.4/gcc/7.1.0/lib/gcc/x86_64-pc-linux-gnu/7.1.0/../../../:/lib/:/usr/lib/
COLLECT_GCC_OPTIONS='-v' '-o' 'CMakeFiles/cmTC_f684f.dir/CMakeCXXCompilerABI.cpp.o' '-c' '-shared-libgcc' '-mtune=generic' '-march=x86-64'
Linking CXX executable cmTC_f684f
/net/sw/centos-7.4/cmake/3.15.2/bin/cmake -E cmake_link_script CMakeFiles/cmTC_f684f.dir/link.txt --verbose=1
/sw/centos/gcc/current/bin/c++      -v -rdynamic CMakeFiles/cmTC_f684f.dir/CMakeCXXCompilerABI.cpp.o  -o cmTC_f684f 
Using built-in specs.
COLLECT_GCC=/sw/centos/gcc/current/bin/c++
COLLECT_LTO_WRAPPER=/net/sw/centos-7.4/gcc/7.1.0/libexec/gcc/x86_64-pc-linux-gnu/7.1.0/lto-wrapper
Target: x86_64-pc-linux-gnu
Configured with: ./configure --prefix=/net/sw/centos-7.4/gcc/7.1.0 --disable-multilib
Thread model: posix
gcc version 7.1.0 (GCC) 
COMPILER_PATH=/net/sw/centos-7.4/gcc/7.1.0/libexec/gcc/x86_64-pc-linux-gnu/7.1.0/:/net/sw/centos-7.4/gcc/7.1.0/libexec/gcc/x86_64-pc-linux-gnu/7.1.0/:/net/sw/centos-7.4/gcc/7.1.0/libexec/gcc/x86_64-pc-linux-gnu/:/net/sw/centos-7.4/gcc/7.1.0/lib/gcc/x86_64-pc-linux-gnu/7.1.0/:/net/sw/centos-7.4/gcc/7.1.0/lib/gcc/x86_64-pc-linux-gnu/
LIBRARY_PATH=/net/sw/centos-7.4/gcc/7.1.0/lib/gcc/x86_64-pc-linux-gnu/7.1.0/:/net/sw/centos-7.4/gcc/7.1.0/lib/gcc/x86_64-pc-linux-gnu/7.1.0/../../../../lib64/:/lib/../lib64/:/usr/lib/../lib64/:/net/sw/centos-7.4/gcc/7.1.0/lib/gcc/x86_64-pc-linux-gnu/7.1.0/../../../:/lib/:/usr/lib/
COLLECT_GCC_OPTIONS='-v' '-rdynamic' '-o' 'cmTC_f684f' '-shared-libgcc' '-mtune=generic' '-march=x86-64'
 /net/sw/centos-7.4/gcc/7.1.0/libexec/gcc/x86_64-pc-linux-gnu/7.1.0/collect2 -plugin /net/sw/centos-7.4/gcc/7.1.0/libexec/gcc/x86_64-pc-linux-gnu/7.1.0/liblto_plugin.so -plugin-opt=/net/sw/centos-7.4/gcc/7.1.0/libexec/gcc/x86_64-pc-linux-gnu/7.1.0/lto-wrapper -plugin-opt=-fresolution=/tmp/cc32VeIi.res -plugin-opt=-pass-through=-lgcc_s -plugin-opt=-pass-through=-lgcc -plugin-opt=-pass-through=-lc -plugin-opt=-pass-through=-lgcc_s -plugin-opt=-pass-through=-lgcc --eh-frame-hdr -m elf_x86_64 -export-dynamic -dynamic-linker /lib64/ld-linux-x86-64.so.2 -o cmTC_f684f /lib/../lib64/crt1.o /lib/../lib64/crti.o /net/sw/centos-7.4/gcc/7.1.0/lib/gcc/x86_64-pc-linux-gnu/7.1.0/crtbegin.o -L/net/sw/centos-7.4/gcc/7.1.0/lib/gcc/x86_64-pc-linux-gnu/7.1.0 -L/net/sw/centos-7.4/gcc/7.1.0/lib/gcc/x86_64-pc-linux-gnu/7.1.0/../../../../lib64 -L/lib/../lib64 -L/usr/lib/../lib64 -L/net/sw/centos-7.4/gcc/7.1.0/lib/gcc/x86_64-pc-linux-gnu/7.1.0/../../.. CMakeFiles/cmTC_f684f.dir/CMakeCXXCompilerABI.cpp.o -lstdc++ -lm -lgcc_s -lgcc -lc -lgcc_s -lgcc /net/sw/centos-7.4/gcc/7.1.0/lib/gcc/x86_64-pc-linux-gnu/7.1.0/crtend.o /lib/../lib64/crtn.o
COLLECT_GCC_OPTIONS='-v' '-rdynamic' '-o' 'cmTC_f684f' '-shared-libgcc' '-mtune=generic' '-march=x86-64'
gmake[1]: Leaving directory `/u/ak6fnm/NVIDIA_CUDA-11.0_Samples/7_CUDALibraries/boxFilterNPP/build/CMakeFiles/CMakeTmp'



Parsed CXX implicit include dir info from above output: rv=done
  found start of include info
  found start of implicit include info
    add: [/net/sw/centos-7.4/gcc/7.1.0/lib/gcc/x86_64-pc-linux-gnu/7.1.0/../../../../include/c++/7.1.0]
    add: [/net/sw/centos-7.4/gcc/7.1.0/lib/gcc/x86_64-pc-linux-gnu/7.1.0/../../../../include/c++/7.1.0/x86_64-pc-linux-gnu]
    add: [/net/sw/centos-7.4/gcc/7.1.0/lib/gcc/x86_64-pc-linux-gnu/7.1.0/../../../../include/c++/7.1.0/backward]
    add: [/net/sw/centos-7.4/gcc/7.1.0/lib/gcc/x86_64-pc-linux-gnu/7.1.0/include]
    add: [/usr/local/include]
    add: [/net/sw/centos-7.4/gcc/7.1.0/include]
    add: [/net/sw/centos-7.4/gcc/7.1.0/lib/gcc/x86_64-pc-linux-gnu/7.1.0/include-fixed]
    add: [/usr/include]
  end of search list found
  collapse include dir [/net/sw/centos-7.4/gcc/7.1.0/lib/gcc/x86_64-pc-linux-gnu/7.1.0/../../../../include/c++/7.1.0] ==> [/net/sw/centos-7.4/gcc/7.1.0/include/c++/7.1.0]
  collapse include dir [/net/sw/centos-7.4/gcc/7.1.0/lib/gcc/x86_64-pc-linux-gnu/7.1.0/../../../../include/c++/7.1.0/x86_64-pc-linux-gnu] ==> [/net/sw/centos-7.4/gcc/7.1.0/include/c++/7.1.0/x86_64-pc-linux-gnu]
  collapse include dir [/net/sw/centos-7.4/gcc/7.1.0/lib/gcc/x86_64-pc-linux-gnu/7.1.0/../../../../include/c++/7.1.0/backward] ==> [/net/sw/centos-7.4/gcc/7.1.0/include/c++/7.1.0/backward]
  collapse include dir [/net/sw/centos-7.4/gcc/7.1.0/lib/gcc/x86_64-pc-linux-gnu/7.1.0/include] ==> [/net/sw/centos-7.4/gcc/7.1.0/lib/gcc/x86_64-pc-linux-gnu/7.1.0/include]
  collapse include dir [/usr/local/include] ==> [/usr/local/include]
  collapse include dir [/net/sw/centos-7.4/gcc/7.1.0/include] ==> [/net/sw/centos-7.4/gcc/7.1.0/include]
  collapse include dir [/net/sw/centos-7.4/gcc/7.1.0/lib/gcc/x86_64-pc-linux-gnu/7.1.0/include-fixed] ==> [/net/sw/centos-7.4/gcc/7.1.0/lib/gcc/x86_64-pc-linux-gnu/7.1.0/include-fixed]
  collapse include dir [/usr/include] ==> [/usr/include]
  implicit include dirs: [/net/sw/centos-7.4/gcc/7.1.0/include/c++/7.1.0;/net/sw/centos-7.4/gcc/7.1.0/include/c++/7.1.0/x86_64-pc-linux-gnu;/net/sw/centos-7.4/gcc/7.1.0/include/c++/7.1.0/backward;/net/sw/centos-7.4/gcc/7.1.0/lib/gcc/x86_64-pc-linux-gnu/7.1.0/include;/usr/local/include;/net/sw/centos-7.4/gcc/7.1.0/include;/net/sw/centos-7.4/gcc/7.1.0/lib/gcc/x86_64-pc-linux-gnu/7.1.0/include-fixed;/usr/include]


Parsed CXX implicit link information from above output:
  link line regex: [^( *|.*[/\])(ld|CMAKE_LINK_STARTFILE-NOTFOUND|([^/\]+-)?ld|collect2)[^/\]*( |$)]
  ignore line: [Change Dir: /u/ak6fnm/NVIDIA_CUDA-11.0_Samples/7_CUDALibraries/boxFilterNPP/build/CMakeFiles/CMakeTmp]
  ignore line: []
  ignore line: [Run Build Command(s):/usr/bin/gmake cmTC_f684f/fast && /usr/bin/gmake -f CMakeFiles/cmTC_f684f.dir/build.make CMakeFiles/cmTC_f684f.dir/build]
  ignore line: [gmake[1]: Entering directory `/u/ak6fnm/NVIDIA_CUDA-11.0_Samples/7_CUDALibraries/boxFilterNPP/build/CMakeFiles/CMakeTmp']
  ignore line: [Building CXX object CMakeFiles/cmTC_f684f.dir/CMakeCXXCompilerABI.cpp.o]
  ignore line: [/sw/centos/gcc/current/bin/c++    -v -o CMakeFiles/cmTC_f684f.dir/CMakeCXXCompilerABI.cpp.o -c /net/sw/centos-7.4/cmake/3.15.2/share/cmake-3.15/Modules/CMakeCXXCompilerABI.cpp]
  ignore line: [Using built-in specs.]
  ignore line: [COLLECT_GCC=/sw/centos/gcc/current/bin/c++]
  ignore line: [Target: x86_64-pc-linux-gnu]
  ignore line: [Configured with: ./configure --prefix=/net/sw/centos-7.4/gcc/7.1.0 --disable-multilib]
  ignore line: [Thread model: posix]
  ignore line: [gcc version 7.1.0 (GCC) ]
  ignore line: [COLLECT_GCC_OPTIONS='-v' '-o' 'CMakeFiles/cmTC_f684f.dir/CMakeCXXCompilerABI.cpp.o' '-c' '-shared-libgcc' '-mtune=generic' '-march=x86-64']
  ignore line: [ /net/sw/centos-7.4/gcc/7.1.0/libexec/gcc/x86_64-pc-linux-gnu/7.1.0/cc1plus -quiet -v -D_GNU_SOURCE /net/sw/centos-7.4/cmake/3.15.2/share/cmake-3.15/Modules/CMakeCXXCompilerABI.cpp -quiet -dumpbase CMakeCXXCompilerABI.cpp -mtune=generic -march=x86-64 -auxbase-strip CMakeFiles/cmTC_f684f.dir/CMakeCXXCompilerABI.cpp.o -version -o /tmp/ccioDjaf.s]
  ignore line: [GNU C++14 (GCC) version 7.1.0 (x86_64-pc-linux-gnu)]
  ignore line: [	compiled by GNU C version 7.1.0, GMP version 6.0.0, MPFR version 3.1.1, MPC version 1.0.1, isl version none]
  ignore line: [warning: GMP header version 6.0.0 differs from library version 6.1.2.]
  ignore line: [warning: MPC header version 1.0.1 differs from library version 1.1.0.]
  ignore line: [GGC heuristics: --param ggc-min-expand=100 --param ggc-min-heapsize=131072]
  ignore line: [ignoring nonexistent directory "/net/sw/centos-7.4/gcc/7.1.0/lib/gcc/x86_64-pc-linux-gnu/7.1.0/../../../../x86_64-pc-linux-gnu/include"]
  ignore line: [#include "..." search starts here:]
  ignore line: [#include <...> search starts here:]
  ignore line: [ /net/sw/centos-7.4/gcc/7.1.0/lib/gcc/x86_64-pc-linux-gnu/7.1.0/../../../../include/c++/7.1.0]
  ignore line: [ /net/sw/centos-7.4/gcc/7.1.0/lib/gcc/x86_64-pc-linux-gnu/7.1.0/../../../../include/c++/7.1.0/x86_64-pc-linux-gnu]
  ignore line: [ /net/sw/centos-7.4/gcc/7.1.0/lib/gcc/x86_64-pc-linux-gnu/7.1.0/../../../../include/c++/7.1.0/backward]
  ignore line: [ /net/sw/centos-7.4/gcc/7.1.0/lib/gcc/x86_64-pc-linux-gnu/7.1.0/include]
  ignore line: [ /usr/local/include]
  ignore line: [ /net/sw/centos-7.4/gcc/7.1.0/include]
  ignore line: [ /net/sw/centos-7.4/gcc/7.1.0/lib/gcc/x86_64-pc-linux-gnu/7.1.0/include-fixed]
  ignore line: [ /usr/include]
  ignore line: [End of search list.]
  ignore line: [GNU C++14 (GCC) version 7.1.0 (x86_64-pc-linux-gnu)]
  ignore line: [	compiled by GNU C version 7.1.0, GMP version 6.0.0, MPFR version 3.1.1, MPC version 1.0.1, isl version none]
  ignore line: [warning: GMP header version 6.0.0 differs from library version 6.1.2.]
  ignore line: [warning: MPC header version 1.0.1 differs from library version 1.1.0.]
  ignore line: [GGC heuristics: --param ggc-min-expand=100 --param ggc-min-heapsize=131072]
  ignore line: [Compiler executable checksum: 599ae034ae7079f7268fecc575310391]
  ignore line: [COLLECT_GCC_OPTIONS='-v' '-o' 'CMakeFiles/cmTC_f684f.dir/CMakeCXXCompilerABI.cpp.o' '-c' '-shared-libgcc' '-mtune=generic' '-march=x86-64']
  ignore line: [ as -v --64 -o CMakeFiles/cmTC_f684f.dir/CMakeCXXCompilerABI.cpp.o /tmp/ccioDjaf.s]
  ignore line: [GNU assembler version 2.27 (x86_64-redhat-linux) using BFD version version 2.27-41.base.el7_7.1]
  ignore line: [COMPILER_PATH=/net/sw/centos-7.4/gcc/7.1.0/libexec/gcc/x86_64-pc-linux-gnu/7.1.0/:/net/sw/centos-7.4/gcc/7.1.0/libexec/gcc/x86_64-pc-linux-gnu/7.1.0/:/net/sw/centos-7.4/gcc/7.1.0/libexec/gcc/x86_64-pc-linux-gnu/:/net/sw/centos-7.4/gcc/7.1.0/lib/gcc/x86_64-pc-linux-gnu/7.1.0/:/net/sw/centos-7.4/gcc/7.1.0/lib/gcc/x86_64-pc-linux-gnu/]
  ignore line: [LIBRARY_PATH=/net/sw/centos-7.4/gcc/7.1.0/lib/gcc/x86_64-pc-linux-gnu/7.1.0/:/net/sw/centos-7.4/gcc/7.1.0/lib/gcc/x86_64-pc-linux-gnu/7.1.0/../../../../lib64/:/lib/../lib64/:/usr/lib/../lib64/:/net/sw/centos-7.4/gcc/7.1.0/lib/gcc/x86_64-pc-linux-gnu/7.1.0/../../../:/lib/:/usr/lib/]
  ignore line: [COLLECT_GCC_OPTIONS='-v' '-o' 'CMakeFiles/cmTC_f684f.dir/CMakeCXXCompilerABI.cpp.o' '-c' '-shared-libgcc' '-mtune=generic' '-march=x86-64']
  ignore line: [Linking CXX executable cmTC_f684f]
  ignore line: [/net/sw/centos-7.4/cmake/3.15.2/bin/cmake -E cmake_link_script CMakeFiles/cmTC_f684f.dir/link.txt --verbose=1]
  ignore line: [/sw/centos/gcc/current/bin/c++      -v -rdynamic CMakeFiles/cmTC_f684f.dir/CMakeCXXCompilerABI.cpp.o  -o cmTC_f684f ]
  ignore line: [Using built-in specs.]
  ignore line: [COLLECT_GCC=/sw/centos/gcc/current/bin/c++]
  ignore line: [COLLECT_LTO_WRAPPER=/net/sw/centos-7.4/gcc/7.1.0/libexec/gcc/x86_64-pc-linux-gnu/7.1.0/lto-wrapper]
  ignore line: [Target: x86_64-pc-linux-gnu]
  ignore line: [Configured with: ./configure --prefix=/net/sw/centos-7.4/gcc/7.1.0 --disable-multilib]
  ignore line: [Thread model: posix]
  ignore line: [gcc version 7.1.0 (GCC) ]
  ignore line: [COMPILER_PATH=/net/sw/centos-7.4/gcc/7.1.0/libexec/gcc/x86_64-pc-linux-gnu/7.1.0/:/net/sw/centos-7.4/gcc/7.1.0/libexec/gcc/x86_64-pc-linux-gnu/7.1.0/:/net/sw/centos-7.4/gcc/7.1.0/libexec/gcc/x86_64-pc-linux-gnu/:/net/sw/centos-7.4/gcc/7.1.0/lib/gcc/x86_64-pc-linux-gnu/7.1.0/:/net/sw/centos-7.4/gcc/7.1.0/lib/gcc/x86_64-pc-linux-gnu/]
  ignore line: [LIBRARY_PATH=/net/sw/centos-7.4/gcc/7.1.0/lib/gcc/x86_64-pc-linux-gnu/7.1.0/:/net/sw/centos-7.4/gcc/7.1.0/lib/gcc/x86_64-pc-linux-gnu/7.1.0/../../../../lib64/:/lib/../lib64/:/usr/lib/../lib64/:/net/sw/centos-7.4/gcc/7.1.0/lib/gcc/x86_64-pc-linux-gnu/7.1.0/../../../:/lib/:/usr/lib/]
  ignore line: [COLLECT_GCC_OPTIONS='-v' '-rdynamic' '-o' 'cmTC_f684f' '-shared-libgcc' '-mtune=generic' '-march=x86-64']
  link line: [ /net/sw/centos-7.4/gcc/7.1.0/libexec/gcc/x86_64-pc-linux-gnu/7.1.0/collect2 -plugin /net/sw/centos-7.4/gcc/7.1.0/libexec/gcc/x86_64-pc-linux-gnu/7.1.0/liblto_plugin.so -plugin-opt=/net/sw/centos-7.4/gcc/7.1.0/libexec/gcc/x86_64-pc-linux-gnu/7.1.0/lto-wrapper -plugin-opt=-fresolution=/tmp/cc32VeIi.res -plugin-opt=-pass-through=-lgcc_s -plugin-opt=-pass-through=-lgcc -plugin-opt=-pass-through=-lc -plugin-opt=-pass-through=-lgcc_s -plugin-opt=-pass-through=-lgcc --eh-frame-hdr -m elf_x86_64 -export-dynamic -dynamic-linker /lib64/ld-linux-x86-64.so.2 -o cmTC_f684f /lib/../lib64/crt1.o /lib/../lib64/crti.o /net/sw/centos-7.4/gcc/7.1.0/lib/gcc/x86_64-pc-linux-gnu/7.1.0/crtbegin.o -L/net/sw/centos-7.4/gcc/7.1.0/lib/gcc/x86_64-pc-linux-gnu/7.1.0 -L/net/sw/centos-7.4/gcc/7.1.0/lib/gcc/x86_64-pc-linux-gnu/7.1.0/../../../../lib64 -L/lib/../lib64 -L/usr/lib/../lib64 -L/net/sw/centos-7.4/gcc/7.1.0/lib/gcc/x86_64-pc-linux-gnu/7.1.0/../../.. CMakeFiles/cmTC_f684f.dir/CMakeCXXCompilerABI.cpp.o -lstdc++ -lm -lgcc_s -lgcc -lc -lgcc_s -lgcc /net/sw/centos-7.4/gcc/7.1.0/lib/gcc/x86_64-pc-linux-gnu/7.1.0/crtend.o /lib/../lib64/crtn.o]
    arg [/net/sw/centos-7.4/gcc/7.1.0/libexec/gcc/x86_64-pc-linux-gnu/7.1.0/collect2] ==> ignore
    arg [-plugin] ==> ignore
    arg [/net/sw/centos-7.4/gcc/7.1.0/libexec/gcc/x86_64-pc-linux-gnu/7.1.0/liblto_plugin.so] ==> ignore
    arg [-plugin-opt=/net/sw/centos-7.4/gcc/7.1.0/libexec/gcc/x86_64-pc-linux-gnu/7.1.0/lto-wrapper] ==> ignore
    arg [-plugin-opt=-fresolution=/tmp/cc32VeIi.res] ==> ignore
    arg [-plugin-opt=-pass-through=-lgcc_s] ==> ignore
    arg [-plugin-opt=-pass-through=-lgcc] ==> ignore
    arg [-plugin-opt=-pass-through=-lc] ==> ignore
    arg [-plugin-opt=-pass-through=-lgcc_s] ==> ignore
    arg [-plugin-opt=-pass-through=-lgcc] ==> ignore
    arg [--eh-frame-hdr] ==> ignore
    arg [-m] ==> ignore
    arg [elf_x86_64] ==> ignore
    arg [-export-dynamic] ==> ignore
    arg [-dynamic-linker] ==> ignore
    arg [/lib64/ld-linux-x86-64.so.2] ==> ignore
    arg [-o] ==> ignore
    arg [cmTC_f684f] ==> ignore
    arg [/lib/../lib64/crt1.o] ==> ignore
    arg [/lib/../lib64/crti.o] ==> ignore
    arg [/net/sw/centos-7.4/gcc/7.1.0/lib/gcc/x86_64-pc-linux-gnu/7.1.0/crtbegin.o] ==> ignore
    arg [-L/net/sw/centos-7.4/gcc/7.1.0/lib/gcc/x86_64-pc-linux-gnu/7.1.0] ==> dir [/net/sw/centos-7.4/gcc/7.1.0/lib/gcc/x86_64-pc-linux-gnu/7.1.0]
    arg [-L/net/sw/centos-7.4/gcc/7.1.0/lib/gcc/x86_64-pc-linux-gnu/7.1.0/../../../../lib64] ==> dir [/net/sw/centos-7.4/gcc/7.1.0/lib/gcc/x86_64-pc-linux-gnu/7.1.0/../../../../lib64]
    arg [-L/lib/../lib64] ==> dir [/lib/../lib64]
    arg [-L/usr/lib/../lib64] ==> dir [/usr/lib/../lib64]
    arg [-L/net/sw/centos-7.4/gcc/7.1.0/lib/gcc/x86_64-pc-linux-gnu/7.1.0/../../..] ==> dir [/net/sw/centos-7.4/gcc/7.1.0/lib/gcc/x86_64-pc-linux-gnu/7.1.0/../../..]
    arg [CMakeFiles/cmTC_f684f.dir/CMakeCXXCompilerABI.cpp.o] ==> ignore
    arg [-lstdc++] ==> lib [stdc++]
    arg [-lm] ==> lib [m]
    arg [-lgcc_s] ==> lib [gcc_s]
    arg [-lgcc] ==> lib [gcc]
    arg [-lc] ==> lib [c]
    arg [-lgcc_s] ==> lib [gcc_s]
    arg [-lgcc] ==> lib [gcc]
    arg [/net/sw/centos-7.4/gcc/7.1.0/lib/gcc/x86_64-pc-linux-gnu/7.1.0/crtend.o] ==> ignore
    arg [/lib/../lib64/crtn.o] ==> ignore
  collapse library dir [/net/sw/centos-7.4/gcc/7.1.0/lib/gcc/x86_64-pc-linux-gnu/7.1.0] ==> [/net/sw/centos-7.4/gcc/7.1.0/lib/gcc/x86_64-pc-linux-gnu/7.1.0]
  collapse library dir [/net/sw/centos-7.4/gcc/7.1.0/lib/gcc/x86_64-pc-linux-gnu/7.1.0/../../../../lib64] ==> [/net/sw/centos-7.4/gcc/7.1.0/lib64]
  collapse library dir [/lib/../lib64] ==> [/lib64]
  collapse library dir [/usr/lib/../lib64] ==> [/usr/lib64]
  collapse library dir [/net/sw/centos-7.4/gcc/7.1.0/lib/gcc/x86_64-pc-linux-gnu/7.1.0/../../..] ==> [/net/sw/centos-7.4/gcc/7.1.0/lib]
  implicit libs: [stdc++;m;gcc_s;gcc;c;gcc_s;gcc]
  implicit dirs: [/net/sw/centos-7.4/gcc/7.1.0/lib/gcc/x86_64-pc-linux-gnu/7.1.0;/net/sw/centos-7.4/gcc/7.1.0/lib64;/lib64;/usr/lib64;/net/sw/centos-7.4/gcc/7.1.0/lib]
  implicit fwks: []


